{
  "stats": {
    "suites": 8,
    "tests": 10,
    "passes": 0,
    "pending": 0,
    "failures": 10,
    "start": "2025-12-30T15:31:15.810Z",
    "end": "2025-12-30T15:31:16.311Z",
    "duration": 501,
    "testsRegistered": 10,
    "passPercent": 0,
    "pendingPercent": 0,
    "other": 0,
    "hasOther": false,
    "skipped": 0,
    "hasSkipped": false
  },
  "results": [
    {
      "uuid": "237d87c3-2c9d-4786-bce6-56c613c3ab64",
      "title": "",
      "fullFile": "",
      "file": "",
      "beforeHooks": [],
      "afterHooks": [],
      "tests": [],
      "suites": [
        {
          "uuid": "d435b172-e405-47e4-8e76-52942b461abc",
          "title": "API Login Tests",
          "fullFile": "C:\\Pandu\\portofolio-panduws94\\tugaspekanan-3-api-automation\\api-testing-pandu\\ts-1-login.js",
          "file": "\\api-testing-pandu\\ts-1-login.js",
          "beforeHooks": [],
          "afterHooks": [],
          "tests": [
            {
              "title": "TC-001_harus berhasil login dan mengembalikan respon kode 201",
              "fullTitle": "API Login Tests TC-001_harus berhasil login dan mengembalikan respon kode 201",
              "timedOut": false,
              "duration": 3,
              "state": "failed",
              "speed": null,
              "pass": false,
              "fail": true,
              "pending": false,
              "context": null,
              "code": "expect(response.status).to.equal(201);\nfs.writeFileSync('../tugaspekanan-3-api-automation/Environment/responselogin.json', JSON.stringify(response.body));",
              "err": {
                "message": "AssertionError: expected 302 to equal 201",
                "estack": "AssertionError: expected 302 to equal 201\n    at Context.<anonymous> (file:///C:/Pandu/portofolio-panduws94/tugaspekanan-3-api-automation/api-testing-pandu/ts-1-login.js:17:32)\n    at process.processImmediate (node:internal/timers:485:21)",
                "diff": "- 302\n+ 201\n"
              },
              "uuid": "385330b3-59c3-4aed-9c64-eb983fa814fb",
              "parentUUID": "d435b172-e405-47e4-8e76-52942b461abc",
              "isHook": false,
              "skipped": false
            },
            {
              "title": "TC-002_harus ada redaksi \"Authentication berhasil ditambahkan\" pada text response",
              "fullTitle": "API Login Tests TC-002_harus ada redaksi \"Authentication berhasil ditambahkan\" pada text response",
              "timedOut": false,
              "duration": 2,
              "state": "failed",
              "speed": null,
              "pass": false,
              "fail": true,
              "pending": false,
              "context": null,
              "code": "expect(response.text).to.include('Authentication berhasil ditambahkan');",
              "err": {
                "message": "AssertionError: expected '<!DOCTYPE html>\\n<html style=\"height:…' to include 'Authentication berhasil ditambahkan'",
                "estack": "AssertionError: expected '<!DOCTYPE html>\\n<html style=\"height:…' to include 'Authentication berhasil ditambahkan'\n    at Context.<anonymous> (file:///C:/Pandu/portofolio-panduws94/tugaspekanan-3-api-automation/api-testing-pandu/ts-1-login.js:22:30)\n    at process.processImmediate (node:internal/timers:485:21)",
                "diff": null
              },
              "uuid": "76e2a53a-0132-4a38-acfa-98c52f83531e",
              "parentUUID": "d435b172-e405-47e4-8e76-52942b461abc",
              "isHook": false,
              "skipped": false
            }
          ],
          "suites": [],
          "passes": [],
          "failures": [
            "385330b3-59c3-4aed-9c64-eb983fa814fb",
            "76e2a53a-0132-4a38-acfa-98c52f83531e"
          ],
          "pending": [],
          "skipped": [],
          "duration": 5,
          "root": false,
          "rootEmpty": false,
          "_timeout": 2000
        },
        {
          "uuid": "b1bdcf82-4643-468a-ae89-1e4d097f3911",
          "title": "API Create User Tests",
          "fullFile": "C:\\Pandu\\portofolio-panduws94\\tugaspekanan-3-api-automation\\api-testing-pandu\\ts-2-create_user.js",
          "file": "\\api-testing-pandu\\ts-2-create_user.js",
          "beforeHooks": [],
          "afterHooks": [],
          "tests": [
            {
              "title": "TC-003_harus berhasil create user baru, mengembalikan respon kode 201 dan mendapat pesan \"User berhasil ditambahkan\" ",
              "fullTitle": "API Create User Tests TC-003_harus berhasil create user baru, mengembalikan respon kode 201 dan mendapat pesan \"User berhasil ditambahkan\" ",
              "timedOut": false,
              "duration": 85,
              "state": "failed",
              "speed": null,
              "pass": false,
              "fail": true,
              "pending": false,
              "context": null,
              "code": "const newUser = {\n  \"name\": \"Pandu\",\n  \"email\": \"panduws345@gmail.com\",\n  \"password\": \"123321saja\"\n};\nconst response = await request.post('/users')\n                              .set('Authorization', `Bearer ${accessToken}`)\n                              .send(newUser);\nexpect(response.status).to.equal(201);\nexpect(response.text).to.include('User berhasil ditambahkan');\nfs.writeFileSync('../tugaspekanan-3-api-automation/Environment/userid.json', JSON.stringify(response.body));",
              "err": {
                "message": "AssertionError: expected 302 to equal 201",
                "estack": "AssertionError: expected 302 to equal 201\n    at Context.<anonymous> (file:///C:/Pandu/portofolio-panduws94/tugaspekanan-3-api-automation/api-testing-pandu/ts-2-create_user.js:21:32)\n    at process.processTicksAndRejections (node:internal/process/task_queues:105:5)",
                "diff": "- 302\n+ 201\n"
              },
              "uuid": "6bfbe667-6c66-4833-9131-4b864d7fb94d",
              "parentUUID": "b1bdcf82-4643-468a-ae89-1e4d097f3911",
              "isHook": false,
              "skipped": false
            }
          ],
          "suites": [],
          "passes": [],
          "failures": [
            "6bfbe667-6c66-4833-9131-4b864d7fb94d"
          ],
          "pending": [],
          "skipped": [],
          "duration": 85,
          "root": false,
          "rootEmpty": false,
          "_timeout": 2000
        },
        {
          "uuid": "c8c11fb2-6f98-4548-8b2b-5d0ffadf35e8",
          "title": "API Get User Tests",
          "fullFile": "C:\\Pandu\\portofolio-panduws94\\tugaspekanan-3-api-automation\\api-testing-pandu\\ts-3-get_user_list.js",
          "file": "\\api-testing-pandu\\ts-3-get_user_list.js",
          "beforeHooks": [],
          "afterHooks": [],
          "tests": [
            {
              "title": "TC-004_harus berhasil mendapatkan list user dan mendapat response 200",
              "fullTitle": "API Get User Tests TC-004_harus berhasil mendapatkan list user dan mendapat response 200",
              "timedOut": false,
              "duration": 0,
              "state": "failed",
              "speed": null,
              "pass": false,
              "fail": true,
              "pending": false,
              "context": null,
              "code": "expect(response.status).to.equal(200);",
              "err": {
                "message": "AssertionError: expected 302 to equal 200",
                "estack": "AssertionError: expected 302 to equal 200\n    at Context.<anonymous> (file:///C:/Pandu/portofolio-panduws94/tugaspekanan-3-api-automation/api-testing-pandu/ts-3-get_user_list.js:14:32)\n    at process.processImmediate (node:internal/timers:485:21)",
                "diff": "- 302\n+ 200\n"
              },
              "uuid": "174b37d9-14ce-4aa1-ac29-d0c542b1e82e",
              "parentUUID": "c8c11fb2-6f98-4548-8b2b-5d0ffadf35e8",
              "isHook": false,
              "skipped": false
            },
            {
              "title": "TC-005_harus berhasil mendapatkan response \"success\"",
              "fullTitle": "API Get User Tests TC-005_harus berhasil mendapatkan response \"success\"",
              "timedOut": false,
              "duration": 1,
              "state": "failed",
              "speed": null,
              "pass": false,
              "fail": true,
              "pending": false,
              "context": null,
              "code": "expect(response.text).to.include('success');",
              "err": {
                "message": "AssertionError: expected '<!DOCTYPE html>\\n<html style=\"height:…' to include 'success'",
                "estack": "AssertionError: expected '<!DOCTYPE html>\\n<html style=\"height:…' to include 'success'\n    at Context.<anonymous> (file:///C:/Pandu/portofolio-panduws94/tugaspekanan-3-api-automation/api-testing-pandu/ts-3-get_user_list.js:18:28)\n    at process.processImmediate (node:internal/timers:485:21)",
                "diff": null
              },
              "uuid": "ab95ea23-3c6a-43b9-9898-8c14bbd3ac8a",
              "parentUUID": "c8c11fb2-6f98-4548-8b2b-5d0ffadf35e8",
              "isHook": false,
              "skipped": false
            }
          ],
          "suites": [],
          "passes": [],
          "failures": [
            "174b37d9-14ce-4aa1-ac29-d0c542b1e82e",
            "ab95ea23-3c6a-43b9-9898-8c14bbd3ac8a"
          ],
          "pending": [],
          "skipped": [],
          "duration": 1,
          "root": false,
          "rootEmpty": false,
          "_timeout": 2000
        },
        {
          "uuid": "90da91a8-f7e4-4f4f-91b2-5eb4ab389965",
          "title": "API Update User Tests",
          "fullFile": "C:\\Pandu\\portofolio-panduws94\\tugaspekanan-3-api-automation\\api-testing-pandu\\ts-4-update_user.js",
          "file": "\\api-testing-pandu\\ts-4-update_user.js",
          "beforeHooks": [],
          "afterHooks": [],
          "tests": [
            {
              "title": "TC-006_harus berhasil update user menjadi \"Pandu-update\" dan mendapat response 200",
              "fullTitle": "API Update User Tests TC-006_harus berhasil update user menjadi \"Pandu-update\" dan mendapat response 200",
              "timedOut": false,
              "duration": 80,
              "state": "failed",
              "speed": null,
              "pass": false,
              "fail": true,
              "pending": false,
              "context": null,
              "code": "const updateUser = {\n  \"name\": \"Pandu-update\",\n  \"email\": \"panduws345@gmail.com\"\n};\nconst response = await request.put(`/users/${userId}`)\n                              .set('Authorization', `Bearer ${accessToken}`)\n                              .send(updateUser);\nexpect(response.status).to.equal(200);\nexpect(response.text).to.include('Pandu-update');",
              "err": {
                "message": "AssertionError: expected 302 to equal 200",
                "estack": "AssertionError: expected 302 to equal 200\n    at Context.<anonymous> (file:///C:/Pandu/portofolio-panduws94/tugaspekanan-3-api-automation/api-testing-pandu/ts-4-update_user.js:22:32)\n    at process.processTicksAndRejections (node:internal/process/task_queues:105:5)",
                "diff": "- 302\n+ 200\n"
              },
              "uuid": "3f55598a-ff0f-478c-89dd-10093443a4db",
              "parentUUID": "90da91a8-f7e4-4f4f-91b2-5eb4ab389965",
              "isHook": false,
              "skipped": false
            }
          ],
          "suites": [],
          "passes": [],
          "failures": [
            "3f55598a-ff0f-478c-89dd-10093443a4db"
          ],
          "pending": [],
          "skipped": [],
          "duration": 80,
          "root": false,
          "rootEmpty": false,
          "_timeout": 2000
        },
        {
          "uuid": "7b61f90f-d321-42ad-b8b2-1164628e8d31",
          "title": "API Get User detil Tests",
          "fullFile": "C:\\Pandu\\portofolio-panduws94\\tugaspekanan-3-api-automation\\api-testing-pandu\\ts-5-get_user_detil.js",
          "file": "\\api-testing-pandu\\ts-5-get_user_detil.js",
          "beforeHooks": [],
          "afterHooks": [],
          "tests": [
            {
              "title": "TC-007_harus berhasil get user dan mendapat response 200",
              "fullTitle": "API Get User detil Tests TC-007_harus berhasil get user dan mendapat response 200",
              "timedOut": false,
              "duration": 76,
              "state": "failed",
              "speed": null,
              "pass": false,
              "fail": true,
              "pending": false,
              "context": null,
              "code": "const response = await request.get(`/users/${userId}`)\n                              .set('Authorization', `Bearer ${accessToken}`);\nexpect(response.status).to.equal(200);\nexpect(response.text).to.include('success');",
              "err": {
                "message": "AssertionError: expected 302 to equal 200",
                "estack": "AssertionError: expected 302 to equal 200\n    at Context.<anonymous> (file:///C:/Pandu/portofolio-panduws94/tugaspekanan-3-api-automation/api-testing-pandu/ts-5-get_user_detil.js:17:32)\n    at process.processTicksAndRejections (node:internal/process/task_queues:105:5)",
                "diff": "- 302\n+ 200\n"
              },
              "uuid": "8e90296b-be3d-40cf-90db-4319ec772d39",
              "parentUUID": "7b61f90f-d321-42ad-b8b2-1164628e8d31",
              "isHook": false,
              "skipped": false
            }
          ],
          "suites": [],
          "passes": [],
          "failures": [
            "8e90296b-be3d-40cf-90db-4319ec772d39"
          ],
          "pending": [],
          "skipped": [],
          "duration": 76,
          "root": false,
          "rootEmpty": false,
          "_timeout": 2000
        },
        {
          "uuid": "4d7efe64-5d0e-4e16-8b7a-bcc09211ee56",
          "title": "API Refresh Token Tests",
          "fullFile": "C:\\Pandu\\portofolio-panduws94\\tugaspekanan-3-api-automation\\api-testing-pandu\\ts-7-refresh_token.js",
          "file": "\\api-testing-pandu\\ts-7-refresh_token.js",
          "beforeHooks": [],
          "afterHooks": [],
          "tests": [
            {
              "title": "TC-008_harus berhasil refresh token dan mendapat response 200",
              "fullTitle": "API Refresh Token Tests TC-008_harus berhasil refresh token dan mendapat response 200",
              "timedOut": false,
              "duration": 81,
              "state": "failed",
              "speed": null,
              "pass": false,
              "fail": true,
              "pending": false,
              "context": null,
              "code": "const refreshData = {\n    \"refreshToken\": refreshToken\n };\nconst response = await request.put(`/authentications`)\n                              .set('Authorization', `Bearer ${accessToken}`)\n                              .send(refreshData);\nexpect(response.status).to.equal(200);\nexpect(response.text).to.include('success');",
              "err": {
                "message": "AssertionError: expected 302 to equal 200",
                "estack": "AssertionError: expected 302 to equal 200\n    at Context.<anonymous> (file:///C:/Pandu/portofolio-panduws94/tugaspekanan-3-api-automation/api-testing-pandu/ts-7-refresh_token.js:20:32)\n    at process.processTicksAndRejections (node:internal/process/task_queues:105:5)",
                "diff": "- 302\n+ 200\n"
              },
              "uuid": "d1766b06-6735-46b1-a766-70fb8da7b6a1",
              "parentUUID": "4d7efe64-5d0e-4e16-8b7a-bcc09211ee56",
              "isHook": false,
              "skipped": false
            }
          ],
          "suites": [],
          "passes": [],
          "failures": [
            "d1766b06-6735-46b1-a766-70fb8da7b6a1"
          ],
          "pending": [],
          "skipped": [],
          "duration": 81,
          "root": false,
          "rootEmpty": false,
          "_timeout": 2000
        },
        {
          "uuid": "71e0fead-500a-4c93-ab7d-13b28c195183",
          "title": "API Delete User Tests",
          "fullFile": "C:\\Pandu\\portofolio-panduws94\\tugaspekanan-3-api-automation\\api-testing-pandu\\ts-8-delete_user.js",
          "file": "\\api-testing-pandu\\ts-8-delete_user.js",
          "beforeHooks": [],
          "afterHooks": [],
          "tests": [
            {
              "title": "TC-009_harus berhasil delete user dan mendapat response 200",
              "fullTitle": "API Delete User Tests TC-009_harus berhasil delete user dan mendapat response 200",
              "timedOut": false,
              "duration": 79,
              "state": "failed",
              "speed": null,
              "pass": false,
              "fail": true,
              "pending": false,
              "context": null,
              "code": "const response = await request.del(`/users/${userId}`)\n                              .set('Authorization', `Bearer ${accessToken}`);\nexpect(response.status).to.equal(200);\nexpect(response.text).to.include('success');",
              "err": {
                "message": "AssertionError: expected 302 to equal 200",
                "estack": "AssertionError: expected 302 to equal 200\n    at Context.<anonymous> (file:///C:/Pandu/portofolio-panduws94/tugaspekanan-3-api-automation/api-testing-pandu/ts-8-delete_user.js:17:32)\n    at process.processTicksAndRejections (node:internal/process/task_queues:105:5)",
                "diff": "- 302\n+ 200\n"
              },
              "uuid": "c94a05c6-b1c7-42b0-88c0-e4e4b521abac",
              "parentUUID": "71e0fead-500a-4c93-ab7d-13b28c195183",
              "isHook": false,
              "skipped": false
            }
          ],
          "suites": [],
          "passes": [],
          "failures": [
            "c94a05c6-b1c7-42b0-88c0-e4e4b521abac"
          ],
          "pending": [],
          "skipped": [],
          "duration": 79,
          "root": false,
          "rootEmpty": false,
          "_timeout": 2000
        },
        {
          "uuid": "db1023c6-392c-4433-9dc7-2bd60be888b6",
          "title": "API Logout Tests",
          "fullFile": "C:\\Pandu\\portofolio-panduws94\\tugaspekanan-3-api-automation\\api-testing-pandu\\ts-9-logout.js",
          "file": "\\api-testing-pandu\\ts-9-logout.js",
          "beforeHooks": [],
          "afterHooks": [],
          "tests": [
            {
              "title": "TC-010_harus berhasil logout dan mendapat response 200",
              "fullTitle": "API Logout Tests TC-010_harus berhasil logout dan mendapat response 200",
              "timedOut": false,
              "duration": 76,
              "state": "failed",
              "speed": null,
              "pass": false,
              "fail": true,
              "pending": false,
              "context": null,
              "code": "const refreshData = {\n    \"refreshToken\": refreshToken\n };\nconst response = await request.delete(`/authentications`)\n                              .set('Authorization', `Bearer ${accessToken}`)\n                              .send(refreshData);\nexpect(response.status).to.equal(200);\nexpect(response.text).to.include('success');",
              "err": {
                "message": "AssertionError: expected 302 to equal 200",
                "estack": "AssertionError: expected 302 to equal 200\n    at Context.<anonymous> (file:///C:/Pandu/portofolio-panduws94/tugaspekanan-3-api-automation/api-testing-pandu/ts-9-logout.js:20:32)\n    at process.processTicksAndRejections (node:internal/process/task_queues:105:5)",
                "diff": "- 302\n+ 200\n"
              },
              "uuid": "7b3210ad-5aaf-46e4-87e1-9f202d79cf90",
              "parentUUID": "db1023c6-392c-4433-9dc7-2bd60be888b6",
              "isHook": false,
              "skipped": false
            }
          ],
          "suites": [],
          "passes": [],
          "failures": [
            "7b3210ad-5aaf-46e4-87e1-9f202d79cf90"
          ],
          "pending": [],
          "skipped": [],
          "duration": 76,
          "root": false,
          "rootEmpty": false,
          "_timeout": 2000
        }
      ],
      "passes": [],
      "failures": [],
      "pending": [],
      "skipped": [],
      "duration": 0,
      "root": true,
      "rootEmpty": true,
      "_timeout": 2000
    }
  ],
  "meta": {
    "mocha": {
      "version": "10.3.0"
    },
    "mochawesome": {
      "options": {
        "quiet": false,
        "reportFilename": "mochawesome",
        "saveHtml": true,
        "saveJson": true,
        "consoleReporter": "spec",
        "useInlineDiffs": false,
        "code": true
      },
      "version": "7.1.3"
    },
    "marge": {
      "options": null,
      "version": "6.2.0"
    }
  }
}